<?xml version="1.0" encoding="UTF-8"?>
<!-- Generated by org.testng.reporters.JUnitReportReporter -->
<testsuite hostname="master-Inspiron-15-3567" failures="0" tests="1" name="test.TestClass1" time="0.064" errors="0" timestamp="2022-09-02T20:04:34 EDT" skipped="0">
  <testcase classname="test.TestClass1" name="validURL" time="0.064"/>
  <system-out/>
</testsuite> <!-- test.TestClass1 -->
